2015/03/24 18:08:43 [error] [exception.CHttpException.403] exception 'CHttpException' with message 'You are not authorized to perform this action.' in C:\OpenServer\domains\yii.loc\framework\web\auth\CAccessControlFilter.php:182
Stack trace:
#0 C:\OpenServer\domains\yii.loc\framework\web\auth\CAccessControlFilter.php(145): CAccessControlFilter->accessDenied(Object(CWebUser), 'You are not aut...')
#1 C:\OpenServer\domains\yii.loc\framework\web\filters\CFilter.php(38): CAccessControlFilter->preFilter(Object(CFilterChain))
#2 C:\OpenServer\domains\yii.loc\framework\web\CController.php(1145): CFilter->filter(Object(CFilterChain))
#3 C:\OpenServer\domains\yii.loc\framework\web\filters\CInlineFilter.php(58): CController->filterAccessControl(Object(CFilterChain))
#4 C:\OpenServer\domains\yii.loc\framework\web\filters\CFilterChain.php(130): CInlineFilter->filter(Object(CFilterChain))
#5 C:\OpenServer\domains\yii.loc\framework\web\CController.php(291): CFilterChain->run()
#6 C:\OpenServer\domains\yii.loc\framework\web\CController.php(265): CController->runActionWithFilters(Object(CInlineAction), Array)
#7 C:\OpenServer\domains\yii.loc\framework\web\CWebApplication.php(282): CController->run('admin')
#8 C:\OpenServer\domains\yii.loc\framework\web\CWebApplication.php(141): CWebApplication->runController('comment/admin')
#9 C:\OpenServer\domains\yii.loc\framework\base\CApplication.php(184): CWebApplication->processRequest()
#10 C:\OpenServer\domains\myblog\index.php(13): CApplication->run()
#11 {main}
REQUEST_URI=/index.php?r=comment/admin
---
2015/03/24 18:09:49 [error] [exception.CHttpException.404] exception 'CHttpException' with message 'The system is unable to find the requested action "admin".' in C:\OpenServer\domains\yii.loc\framework\web\CController.php:483
Stack trace:
#0 C:\OpenServer\domains\yii.loc\framework\web\CController.php(270): CController->missingAction('admin')
#1 C:\OpenServer\domains\yii.loc\framework\web\CWebApplication.php(282): CController->run('admin')
#2 C:\OpenServer\domains\yii.loc\framework\web\CWebApplication.php(141): CWebApplication->runController('site/admin')
#3 C:\OpenServer\domains\yii.loc\framework\base\CApplication.php(184): CWebApplication->processRequest()
#4 C:\OpenServer\domains\myblog\index.php(13): CApplication->run()
#5 {main}
REQUEST_URI=/index.php?r=site/admin
---
